[2015-02-15 04:37:24] request.ERROR: Symfony\Component\HttpKernel\Exception\NotFoundHttpException: No route found for "GET /empadmin/reportes/" (uncaught exception) at C:\wamp\www\afijos\app\cache\prod\classes.php line 5194 [] []
[2015-02-15 04:52:52] request.INFO: Matched route "reportes_reporte1" (parameters: "_controller": "afijos\MainBundle\Controller\ReportesController::reporte1Action", "desdestr": "22", "hastastr": "44", "_route": "reportes_reporte1") [] []
[2015-02-15 04:52:52] security.DEBUG: Read SecurityContext from the session [] []
[2015-02-15 04:52:52] security.DEBUG: Reloading user from user provider. [] []
[2015-02-15 04:52:52] security.DEBUG: Username "0706225653" was reloaded from user provider. [] []
[2015-02-15 04:52:52] request.CRITICAL: Exception: DateTime::__construct(): Failed to parse time string (22) at position 0 (2): Unexpected character (uncaught exception) at C:\wamp\www\afijos\src\afijos\MainBundle\Controller\ReportesController.php line 83 [] []
[2015-02-15 04:52:52] security.DEBUG: Write SecurityContext in the session [] []
[2015-02-15 06:11:21] request.INFO: Matched route "bienescustodio_create" (parameters: "_controller": "afijos\MainBundle\Controller\BienesCustodioController::createAction", "_route": "bienescustodio_create") [] []
[2015-02-15 06:11:21] security.DEBUG: Read SecurityContext from the session [] []
[2015-02-15 06:11:21] security.DEBUG: Reloading user from user provider. [] []
[2015-02-15 06:11:21] security.DEBUG: Username "0706225653" was reloaded from user provider. [] []
[2015-02-15 06:11:22] request.CRITICAL: Doctrine\DBAL\DBALException: An exception occurred while executing 'INSERT INTO detalle_depreciacion (deprecAcumulada, deprecMensual, fechaDepreciacion, mesDepreciacion, actv_id) VALUES (?, ?, ?, ?, ?)' with params [0, null, "2015-03-15", "03", 28366]:

SQLSTATE[23000]: Integrity constraint violation: 1048 Column 'deprecMensual' cannot be null (uncaught exception) at C:\wamp\www\afijos\vendor\doctrine\dbal\lib\Doctrine\DBAL\DBALException.php line 91 [] []
[2015-02-15 06:11:22] security.DEBUG: Write SecurityContext in the session [] []
[2015-02-15 06:13:20] request.INFO: Matched route "bienescustodio_create" (parameters: "_controller": "afijos\MainBundle\Controller\BienesCustodioController::createAction", "_route": "bienescustodio_create") [] []
[2015-02-15 06:13:20] security.DEBUG: Read SecurityContext from the session [] []
[2015-02-15 06:13:20] security.DEBUG: Reloading user from user provider. [] []
[2015-02-15 06:13:20] security.DEBUG: Username "0706225653" was reloaded from user provider. [] []
[2015-02-15 06:13:21] request.CRITICAL: Doctrine\DBAL\DBALException: An exception occurred while executing 'INSERT INTO detalle_depreciacion (deprecAcumulada, deprecMensual, fechaDepreciacion, mesDepreciacion, actv_id) VALUES (?, ?, ?, ?, ?)' with params [0, null, "2015-03-15", "03", 28367]:

SQLSTATE[23000]: Integrity constraint violation: 1048 Column 'deprecMensual' cannot be null (uncaught exception) at C:\wamp\www\afijos\vendor\doctrine\dbal\lib\Doctrine\DBAL\DBALException.php line 91 [] []
[2015-02-15 06:13:21] security.DEBUG: Write SecurityContext in the session [] []
